<?xml version="1.0" encoding="UTF-8"?>
<!-- Generated by org.testng.reporters.JUnitReportReporter -->
<testsuite hostname="SAMAIRA" failures="0" tests="2" name="testCases.LoginPageTest" time="19.849" errors="0" timestamp="2023-12-13T16:46:41 IST" skipped="0">
  <testcase classname="testCases.LoginPageTest" name="VerifyTitleOfApplication" time="8.741"/>
  <system-out/>
  <testcase classname="testCases.LoginPageTest" name="VerifyURLofApplication" time="11.108"/>
  <system-out/>
</testsuite> <!-- testCases.LoginPageTest -->
